2024-03-19 01:20:00 [DefaultQuartzScheduler_Worker-1] ERROR c.f.t.f.weather.CollectWeatherReport - AAAAAAAAAAAAA
2024-03-19 01:20:00 [DefaultQuartzScheduler_Worker-1] ERROR org.quartz.core.JobRunShell - Job DEFAULT.6da64b5bd2ee-78881532-6612-46b7-a8cd-7707a14ee10a threw an unhandled Exception: 
java.lang.NullPointerException: Cannot invoke "com.fujitsu.trialtask.fooddelivery.repositories.WeatherDataRepository.save(Object)" because "this.weatherDataRepository" is null
	at com.fujitsu.trialtask.fooddelivery.xml_reading.WeatherXMLHandler.endElement(WeatherXMLHandler.java:109)
	at java.xml/com.sun.org.apache.xerces.internal.parsers.AbstractSAXParser.endElement(AbstractSAXParser.java:618)
	at java.xml/com.sun.org.apache.xerces.internal.impl.XMLDocumentFragmentScannerImpl.scanEndElement(XMLDocumentFragmentScannerImpl.java:1728)
	at java.xml/com.sun.org.apache.xerces.internal.impl.XMLDocumentFragmentScannerImpl$FragmentContentDriver.next(XMLDocumentFragmentScannerImpl.java:2899)
	at java.xml/com.sun.org.apache.xerces.internal.impl.XMLDocumentScannerImpl.next(XMLDocumentScannerImpl.java:605)
	at java.xml/com.sun.org.apache.xerces.internal.impl.XMLDocumentFragmentScannerImpl.scanDocument(XMLDocumentFragmentScannerImpl.java:542)
	at java.xml/com.sun.org.apache.xerces.internal.parsers.XML11Configuration.parse(XML11Configuration.java:889)
	at java.xml/com.sun.org.apache.xerces.internal.parsers.XML11Configuration.parse(XML11Configuration.java:825)
	at java.xml/com.sun.org.apache.xerces.internal.parsers.XMLParser.parse(XMLParser.java:141)
	at java.xml/com.sun.org.apache.xerces.internal.parsers.AbstractSAXParser.parse(AbstractSAXParser.java:1224)
	at java.xml/com.sun.org.apache.xerces.internal.jaxp.SAXParserImpl$JAXPSAXParser.parse(SAXParserImpl.java:637)
	at java.xml/com.sun.org.apache.xerces.internal.jaxp.SAXParserImpl.parse(SAXParserImpl.java:326)
	at java.xml/javax.xml.parsers.SAXParser.parse(SAXParser.java:330)
	at com.fujitsu.trialtask.fooddelivery.xml_reading.XMLParser.parseXML(XMLParser.java:30)
	at com.fujitsu.trialtask.fooddelivery.weather.CollectWeatherReport.execute(CollectWeatherReport.java:48)
	at org.quartz.core.JobRunShell.run(JobRunShell.java:202)
	at org.quartz.simpl.SimpleThreadPool$WorkerThread.run(SimpleThreadPool.java:573)
2024-03-19 01:20:00 [DefaultQuartzScheduler_Worker-1] ERROR org.quartz.core.ErrorLogger - Job (DEFAULT.6da64b5bd2ee-78881532-6612-46b7-a8cd-7707a14ee10a threw an exception.
org.quartz.SchedulerException: Job threw an unhandled exception.
	at org.quartz.core.JobRunShell.run(JobRunShell.java:213)
	at org.quartz.simpl.SimpleThreadPool$WorkerThread.run(SimpleThreadPool.java:573)
Caused by: java.lang.NullPointerException: Cannot invoke "com.fujitsu.trialtask.fooddelivery.repositories.WeatherDataRepository.save(Object)" because "this.weatherDataRepository" is null
	at com.fujitsu.trialtask.fooddelivery.xml_reading.WeatherXMLHandler.endElement(WeatherXMLHandler.java:109)
	at java.xml/com.sun.org.apache.xerces.internal.parsers.AbstractSAXParser.endElement(AbstractSAXParser.java:618)
	at java.xml/com.sun.org.apache.xerces.internal.impl.XMLDocumentFragmentScannerImpl.scanEndElement(XMLDocumentFragmentScannerImpl.java:1728)
	at java.xml/com.sun.org.apache.xerces.internal.impl.XMLDocumentFragmentScannerImpl$FragmentContentDriver.next(XMLDocumentFragmentScannerImpl.java:2899)
	at java.xml/com.sun.org.apache.xerces.internal.impl.XMLDocumentScannerImpl.next(XMLDocumentScannerImpl.java:605)
	at java.xml/com.sun.org.apache.xerces.internal.impl.XMLDocumentFragmentScannerImpl.scanDocument(XMLDocumentFragmentScannerImpl.java:542)
	at java.xml/com.sun.org.apache.xerces.internal.parsers.XML11Configuration.parse(XML11Configuration.java:889)
	at java.xml/com.sun.org.apache.xerces.internal.parsers.XML11Configuration.parse(XML11Configuration.java:825)
	at java.xml/com.sun.org.apache.xerces.internal.parsers.XMLParser.parse(XMLParser.java:141)
	at java.xml/com.sun.org.apache.xerces.internal.parsers.AbstractSAXParser.parse(AbstractSAXParser.java:1224)
	at java.xml/com.sun.org.apache.xerces.internal.jaxp.SAXParserImpl$JAXPSAXParser.parse(SAXParserImpl.java:637)
	at java.xml/com.sun.org.apache.xerces.internal.jaxp.SAXParserImpl.parse(SAXParserImpl.java:326)
	at java.xml/javax.xml.parsers.SAXParser.parse(SAXParser.java:330)
	at com.fujitsu.trialtask.fooddelivery.xml_reading.XMLParser.parseXML(XMLParser.java:30)
	at com.fujitsu.trialtask.fooddelivery.weather.CollectWeatherReport.execute(CollectWeatherReport.java:48)
	at org.quartz.core.JobRunShell.run(JobRunShell.java:202)
	... 1 common frames omitted
2024-03-19 14:22:57 [main] INFO  c.f.t.f.FoodDeliveryApplication - Starting FoodDeliveryApplication using Java 17.0.6 with PID 161456 (C:\Users\Andreas Viks\Projects\IdeaProjects\JavaProjects\FoodDeliveryApp\target\classes started by Andreas Viks in C:\Users\Andreas Viks\Projects\IdeaProjects\JavaProjects\FoodDeliveryApp)
2024-03-19 14:22:57 [main] DEBUG c.f.t.f.FoodDeliveryApplication - Running with Spring Boot v3.2.3, Spring v6.1.3
2024-03-19 14:22:57 [main] INFO  c.f.t.f.FoodDeliveryApplication - No active profile set, falling back to 1 default profile: "default"
2024-03-19 14:22:59 [main] WARN  o.s.c.s.PostProcessorRegistrationDelegate$BeanPostProcessorChecker - Bean 'org.springframework.integration.config.IntegrationManagementConfiguration' of type [org.springframework.integration.config.IntegrationManagementConfiguration] is not eligible for getting processed by all BeanPostProcessors (for example: not eligible for auto-proxying). The currently created BeanPostProcessor [integrationManagementConfigurer] is declared through a non-static factory method on that class; consider declaring it as static instead.
2024-03-19 14:22:59 [main] WARN  o.s.c.s.PostProcessorRegistrationDelegate$BeanPostProcessorChecker - Bean 'integrationChannelResolver' of type [org.springframework.integration.support.channel.BeanFactoryChannelResolver] is not eligible for getting processed by all BeanPostProcessors (for example: not eligible for auto-proxying). Is this bean getting eagerly injected into a currently created BeanPostProcessor [org.springframework.integration.internalMessagingAnnotationPostProcessor]? Check the corresponding BeanPostProcessor declaration and its dependencies.
2024-03-19 14:23:02 [main] WARN  o.s.b.a.o.j.JpaBaseConfiguration$JpaWebConfiguration - spring.jpa.open-in-view is enabled by default. Therefore, database queries may be performed during view rendering. Explicitly configure spring.jpa.open-in-view to disable this warning
2024-03-19 14:23:03 [main] INFO  c.f.t.f.FoodDeliveryApplication - Started FoodDeliveryApplication in 6.086 seconds (process running for 7.006)
2024-03-19 14:23:03 [main] ERROR c.f.t.f.FoodDeliveryApplication - BBBBBBBBBBBB at FoodDeliveryApplication
2024-03-19 14:23:03 [main] INFO  c.f.t.f.FoodDeliveryApplication - Starting app...
2024-03-19 14:24:00 [DefaultQuartzScheduler_Worker-1] ERROR c.f.t.f.weather.CollectWeatherReport - AAAAAAAAAAAAA at CollectWeatherReport
2024-03-19 14:24:00 [DefaultQuartzScheduler_Worker-1] ERROR org.quartz.core.JobRunShell - Job DEFAULT.6da64b5bd2ee-d686c1eb-371e-4527-9091-c527fc10e45e threw an unhandled Exception: 
java.lang.NullPointerException: Cannot invoke "com.fujitsu.trialtask.fooddelivery.repositories.WeatherDataRepository.save(Object)" because "this.weatherDataRepository" is null
	at com.fujitsu.trialtask.fooddelivery.xml_reading.WeatherXMLHandler.endElement(WeatherXMLHandler.java:109)
	at java.xml/com.sun.org.apache.xerces.internal.parsers.AbstractSAXParser.endElement(AbstractSAXParser.java:618)
	at java.xml/com.sun.org.apache.xerces.internal.impl.XMLDocumentFragmentScannerImpl.scanEndElement(XMLDocumentFragmentScannerImpl.java:1728)
	at java.xml/com.sun.org.apache.xerces.internal.impl.XMLDocumentFragmentScannerImpl$FragmentContentDriver.next(XMLDocumentFragmentScannerImpl.java:2899)
	at java.xml/com.sun.org.apache.xerces.internal.impl.XMLDocumentScannerImpl.next(XMLDocumentScannerImpl.java:605)
	at java.xml/com.sun.org.apache.xerces.internal.impl.XMLDocumentFragmentScannerImpl.scanDocument(XMLDocumentFragmentScannerImpl.java:542)
	at java.xml/com.sun.org.apache.xerces.internal.parsers.XML11Configuration.parse(XML11Configuration.java:889)
	at java.xml/com.sun.org.apache.xerces.internal.parsers.XML11Configuration.parse(XML11Configuration.java:825)
	at java.xml/com.sun.org.apache.xerces.internal.parsers.XMLParser.parse(XMLParser.java:141)
	at java.xml/com.sun.org.apache.xerces.internal.parsers.AbstractSAXParser.parse(AbstractSAXParser.java:1224)
	at java.xml/com.sun.org.apache.xerces.internal.jaxp.SAXParserImpl$JAXPSAXParser.parse(SAXParserImpl.java:637)
	at java.xml/com.sun.org.apache.xerces.internal.jaxp.SAXParserImpl.parse(SAXParserImpl.java:326)
	at java.xml/javax.xml.parsers.SAXParser.parse(SAXParser.java:330)
	at com.fujitsu.trialtask.fooddelivery.xml_reading.XMLParser.parseXML(XMLParser.java:30)
	at com.fujitsu.trialtask.fooddelivery.weather.CollectWeatherReport.execute(CollectWeatherReport.java:48)
	at org.quartz.core.JobRunShell.run(JobRunShell.java:202)
	at org.quartz.simpl.SimpleThreadPool$WorkerThread.run(SimpleThreadPool.java:573)
2024-03-19 14:24:00 [DefaultQuartzScheduler_Worker-1] ERROR org.quartz.core.ErrorLogger - Job (DEFAULT.6da64b5bd2ee-d686c1eb-371e-4527-9091-c527fc10e45e threw an exception.
org.quartz.SchedulerException: Job threw an unhandled exception.
	at org.quartz.core.JobRunShell.run(JobRunShell.java:213)
	at org.quartz.simpl.SimpleThreadPool$WorkerThread.run(SimpleThreadPool.java:573)
Caused by: java.lang.NullPointerException: Cannot invoke "com.fujitsu.trialtask.fooddelivery.repositories.WeatherDataRepository.save(Object)" because "this.weatherDataRepository" is null
	at com.fujitsu.trialtask.fooddelivery.xml_reading.WeatherXMLHandler.endElement(WeatherXMLHandler.java:109)
	at java.xml/com.sun.org.apache.xerces.internal.parsers.AbstractSAXParser.endElement(AbstractSAXParser.java:618)
	at java.xml/com.sun.org.apache.xerces.internal.impl.XMLDocumentFragmentScannerImpl.scanEndElement(XMLDocumentFragmentScannerImpl.java:1728)
	at java.xml/com.sun.org.apache.xerces.internal.impl.XMLDocumentFragmentScannerImpl$FragmentContentDriver.next(XMLDocumentFragmentScannerImpl.java:2899)
	at java.xml/com.sun.org.apache.xerces.internal.impl.XMLDocumentScannerImpl.next(XMLDocumentScannerImpl.java:605)
	at java.xml/com.sun.org.apache.xerces.internal.impl.XMLDocumentFragmentScannerImpl.scanDocument(XMLDocumentFragmentScannerImpl.java:542)
	at java.xml/com.sun.org.apache.xerces.internal.parsers.XML11Configuration.parse(XML11Configuration.java:889)
	at java.xml/com.sun.org.apache.xerces.internal.parsers.XML11Configuration.parse(XML11Configuration.java:825)
	at java.xml/com.sun.org.apache.xerces.internal.parsers.XMLParser.parse(XMLParser.java:141)
	at java.xml/com.sun.org.apache.xerces.internal.parsers.AbstractSAXParser.parse(AbstractSAXParser.java:1224)
	at java.xml/com.sun.org.apache.xerces.internal.jaxp.SAXParserImpl$JAXPSAXParser.parse(SAXParserImpl.java:637)
	at java.xml/com.sun.org.apache.xerces.internal.jaxp.SAXParserImpl.parse(SAXParserImpl.java:326)
	at java.xml/javax.xml.parsers.SAXParser.parse(SAXParser.java:330)
	at com.fujitsu.trialtask.fooddelivery.xml_reading.XMLParser.parseXML(XMLParser.java:30)
	at com.fujitsu.trialtask.fooddelivery.weather.CollectWeatherReport.execute(CollectWeatherReport.java:48)
	at org.quartz.core.JobRunShell.run(JobRunShell.java:202)
	... 1 common frames omitted
2024-03-19 14:26:22 [main] INFO  c.f.t.f.FoodDeliveryApplication - Starting FoodDeliveryApplication using Java 17.0.6 with PID 192792 (C:\Users\Andreas Viks\Projects\IdeaProjects\JavaProjects\FoodDeliveryApp\target\classes started by Andreas Viks in C:\Users\Andreas Viks\Projects\IdeaProjects\JavaProjects\FoodDeliveryApp)
2024-03-19 14:26:22 [main] DEBUG c.f.t.f.FoodDeliveryApplication - Running with Spring Boot v3.2.3, Spring v6.1.3
2024-03-19 14:26:22 [main] INFO  c.f.t.f.FoodDeliveryApplication - No active profile set, falling back to 1 default profile: "default"
2024-03-19 14:26:24 [main] WARN  o.s.c.s.PostProcessorRegistrationDelegate$BeanPostProcessorChecker - Bean 'org.springframework.integration.config.IntegrationManagementConfiguration' of type [org.springframework.integration.config.IntegrationManagementConfiguration] is not eligible for getting processed by all BeanPostProcessors (for example: not eligible for auto-proxying). The currently created BeanPostProcessor [integrationManagementConfigurer] is declared through a non-static factory method on that class; consider declaring it as static instead.
2024-03-19 14:26:24 [main] WARN  o.s.c.s.PostProcessorRegistrationDelegate$BeanPostProcessorChecker - Bean 'integrationChannelResolver' of type [org.springframework.integration.support.channel.BeanFactoryChannelResolver] is not eligible for getting processed by all BeanPostProcessors (for example: not eligible for auto-proxying). Is this bean getting eagerly injected into a currently created BeanPostProcessor [org.springframework.integration.internalMessagingAnnotationPostProcessor]? Check the corresponding BeanPostProcessor declaration and its dependencies.
2024-03-19 14:26:27 [main] WARN  o.s.b.a.o.j.JpaBaseConfiguration$JpaWebConfiguration - spring.jpa.open-in-view is enabled by default. Therefore, database queries may be performed during view rendering. Explicitly configure spring.jpa.open-in-view to disable this warning
2024-03-19 14:26:27 [main] INFO  c.f.t.f.FoodDeliveryApplication - Started FoodDeliveryApplication in 5.733 seconds (process running for 6.592)
2024-03-19 14:26:27 [main] ERROR c.f.t.f.FoodDeliveryApplication - BBBBBBBBBBBB at FoodDeliveryApplication
2024-03-19 14:26:27 [main] INFO  c.f.t.f.FoodDeliveryApplication - Starting app...
2024-03-19 14:26:40 [main] INFO  c.f.t.f.FoodDeliveryApplication - Starting FoodDeliveryApplication using Java 17.0.6 with PID 199756 (C:\Users\Andreas Viks\Projects\IdeaProjects\JavaProjects\FoodDeliveryApp\target\classes started by Andreas Viks in C:\Users\Andreas Viks\Projects\IdeaProjects\JavaProjects\FoodDeliveryApp)
2024-03-19 14:26:40 [main] DEBUG c.f.t.f.FoodDeliveryApplication - Running with Spring Boot v3.2.3, Spring v6.1.3
2024-03-19 14:26:40 [main] INFO  c.f.t.f.FoodDeliveryApplication - No active profile set, falling back to 1 default profile: "default"
2024-03-19 14:26:41 [main] WARN  o.s.c.s.PostProcessorRegistrationDelegate$BeanPostProcessorChecker - Bean 'org.springframework.integration.config.IntegrationManagementConfiguration' of type [org.springframework.integration.config.IntegrationManagementConfiguration] is not eligible for getting processed by all BeanPostProcessors (for example: not eligible for auto-proxying). The currently created BeanPostProcessor [integrationManagementConfigurer] is declared through a non-static factory method on that class; consider declaring it as static instead.
2024-03-19 14:26:41 [main] WARN  o.s.c.s.PostProcessorRegistrationDelegate$BeanPostProcessorChecker - Bean 'integrationChannelResolver' of type [org.springframework.integration.support.channel.BeanFactoryChannelResolver] is not eligible for getting processed by all BeanPostProcessors (for example: not eligible for auto-proxying). Is this bean getting eagerly injected into a currently created BeanPostProcessor [org.springframework.integration.internalMessagingAnnotationPostProcessor]? Check the corresponding BeanPostProcessor declaration and its dependencies.
2024-03-19 14:26:43 [main] WARN  o.s.b.a.o.j.JpaBaseConfiguration$JpaWebConfiguration - spring.jpa.open-in-view is enabled by default. Therefore, database queries may be performed during view rendering. Explicitly configure spring.jpa.open-in-view to disable this warning
2024-03-19 14:26:43 [main] INFO  c.f.t.f.FoodDeliveryApplication - Started FoodDeliveryApplication in 4.374 seconds (process running for 5.017)
2024-03-19 14:26:43 [main] ERROR c.f.t.f.FoodDeliveryApplication - BBBBBBBBBBBB at FoodDeliveryApplication
2024-03-19 14:26:43 [main] INFO  c.f.t.f.FoodDeliveryApplication - Starting app...
2024-03-19 14:26:45 [DefaultQuartzScheduler_Worker-1] ERROR c.f.t.f.weather.CollectWeatherReport - AAAAAAAAAAAAA at CollectWeatherReport
2024-03-19 14:26:45 [DefaultQuartzScheduler_Worker-1] ERROR org.quartz.core.JobRunShell - Job DEFAULT.6da64b5bd2ee-4dc2c9cf-5df0-48b9-b42d-25fc5d56ed87 threw an unhandled Exception: 
java.lang.NullPointerException: Cannot invoke "com.fujitsu.trialtask.fooddelivery.repositories.WeatherDataRepository.save(Object)" because "this.weatherDataRepository" is null
	at com.fujitsu.trialtask.fooddelivery.xml_reading.WeatherXMLHandler.endElement(WeatherXMLHandler.java:109)
	at java.xml/com.sun.org.apache.xerces.internal.parsers.AbstractSAXParser.endElement(AbstractSAXParser.java:618)
	at java.xml/com.sun.org.apache.xerces.internal.impl.XMLDocumentFragmentScannerImpl.scanEndElement(XMLDocumentFragmentScannerImpl.java:1728)
	at java.xml/com.sun.org.apache.xerces.internal.impl.XMLDocumentFragmentScannerImpl$FragmentContentDriver.next(XMLDocumentFragmentScannerImpl.java:2899)
	at java.xml/com.sun.org.apache.xerces.internal.impl.XMLDocumentScannerImpl.next(XMLDocumentScannerImpl.java:605)
	at java.xml/com.sun.org.apache.xerces.internal.impl.XMLDocumentFragmentScannerImpl.scanDocument(XMLDocumentFragmentScannerImpl.java:542)
	at java.xml/com.sun.org.apache.xerces.internal.parsers.XML11Configuration.parse(XML11Configuration.java:889)
	at java.xml/com.sun.org.apache.xerces.internal.parsers.XML11Configuration.parse(XML11Configuration.java:825)
	at java.xml/com.sun.org.apache.xerces.internal.parsers.XMLParser.parse(XMLParser.java:141)
	at java.xml/com.sun.org.apache.xerces.internal.parsers.AbstractSAXParser.parse(AbstractSAXParser.java:1224)
	at java.xml/com.sun.org.apache.xerces.internal.jaxp.SAXParserImpl$JAXPSAXParser.parse(SAXParserImpl.java:637)
	at java.xml/com.sun.org.apache.xerces.internal.jaxp.SAXParserImpl.parse(SAXParserImpl.java:326)
	at java.xml/javax.xml.parsers.SAXParser.parse(SAXParser.java:330)
	at com.fujitsu.trialtask.fooddelivery.xml_reading.XMLParser.parseXML(XMLParser.java:30)
	at com.fujitsu.trialtask.fooddelivery.weather.CollectWeatherReport.execute(CollectWeatherReport.java:50)
	at org.quartz.core.JobRunShell.run(JobRunShell.java:202)
	at org.quartz.simpl.SimpleThreadPool$WorkerThread.run(SimpleThreadPool.java:573)
2024-03-19 14:26:45 [DefaultQuartzScheduler_Worker-1] ERROR org.quartz.core.ErrorLogger - Job (DEFAULT.6da64b5bd2ee-4dc2c9cf-5df0-48b9-b42d-25fc5d56ed87 threw an exception.
org.quartz.SchedulerException: Job threw an unhandled exception.
	at org.quartz.core.JobRunShell.run(JobRunShell.java:213)
	at org.quartz.simpl.SimpleThreadPool$WorkerThread.run(SimpleThreadPool.java:573)
Caused by: java.lang.NullPointerException: Cannot invoke "com.fujitsu.trialtask.fooddelivery.repositories.WeatherDataRepository.save(Object)" because "this.weatherDataRepository" is null
	at com.fujitsu.trialtask.fooddelivery.xml_reading.WeatherXMLHandler.endElement(WeatherXMLHandler.java:109)
	at java.xml/com.sun.org.apache.xerces.internal.parsers.AbstractSAXParser.endElement(AbstractSAXParser.java:618)
	at java.xml/com.sun.org.apache.xerces.internal.impl.XMLDocumentFragmentScannerImpl.scanEndElement(XMLDocumentFragmentScannerImpl.java:1728)
	at java.xml/com.sun.org.apache.xerces.internal.impl.XMLDocumentFragmentScannerImpl$FragmentContentDriver.next(XMLDocumentFragmentScannerImpl.java:2899)
	at java.xml/com.sun.org.apache.xerces.internal.impl.XMLDocumentScannerImpl.next(XMLDocumentScannerImpl.java:605)
	at java.xml/com.sun.org.apache.xerces.internal.impl.XMLDocumentFragmentScannerImpl.scanDocument(XMLDocumentFragmentScannerImpl.java:542)
	at java.xml/com.sun.org.apache.xerces.internal.parsers.XML11Configuration.parse(XML11Configuration.java:889)
	at java.xml/com.sun.org.apache.xerces.internal.parsers.XML11Configuration.parse(XML11Configuration.java:825)
	at java.xml/com.sun.org.apache.xerces.internal.parsers.XMLParser.parse(XMLParser.java:141)
	at java.xml/com.sun.org.apache.xerces.internal.parsers.AbstractSAXParser.parse(AbstractSAXParser.java:1224)
	at java.xml/com.sun.org.apache.xerces.internal.jaxp.SAXParserImpl$JAXPSAXParser.parse(SAXParserImpl.java:637)
	at java.xml/com.sun.org.apache.xerces.internal.jaxp.SAXParserImpl.parse(SAXParserImpl.java:326)
	at java.xml/javax.xml.parsers.SAXParser.parse(SAXParser.java:330)
	at com.fujitsu.trialtask.fooddelivery.xml_reading.XMLParser.parseXML(XMLParser.java:30)
	at com.fujitsu.trialtask.fooddelivery.weather.CollectWeatherReport.execute(CollectWeatherReport.java:50)
	at org.quartz.core.JobRunShell.run(JobRunShell.java:202)
	... 1 common frames omitted
2024-03-19 14:34:37 [main] INFO  c.f.t.f.FoodDeliveryApplication - Starting FoodDeliveryApplication using Java 17.0.6 with PID 120920 (C:\Users\Andreas Viks\Projects\IdeaProjects\JavaProjects\FoodDeliveryApp\target\classes started by Andreas Viks in C:\Users\Andreas Viks\Projects\IdeaProjects\JavaProjects\FoodDeliveryApp)
2024-03-19 14:34:37 [main] DEBUG c.f.t.f.FoodDeliveryApplication - Running with Spring Boot v3.2.3, Spring v6.1.3
2024-03-19 14:34:37 [main] INFO  c.f.t.f.FoodDeliveryApplication - No active profile set, falling back to 1 default profile: "default"
2024-03-19 14:34:39 [main] WARN  o.s.c.s.PostProcessorRegistrationDelegate$BeanPostProcessorChecker - Bean 'org.springframework.integration.config.IntegrationManagementConfiguration' of type [org.springframework.integration.config.IntegrationManagementConfiguration] is not eligible for getting processed by all BeanPostProcessors (for example: not eligible for auto-proxying). The currently created BeanPostProcessor [integrationManagementConfigurer] is declared through a non-static factory method on that class; consider declaring it as static instead.
2024-03-19 14:34:39 [main] WARN  o.s.c.s.PostProcessorRegistrationDelegate$BeanPostProcessorChecker - Bean 'integrationChannelResolver' of type [org.springframework.integration.support.channel.BeanFactoryChannelResolver] is not eligible for getting processed by all BeanPostProcessors (for example: not eligible for auto-proxying). Is this bean getting eagerly injected into a currently created BeanPostProcessor [org.springframework.integration.internalMessagingAnnotationPostProcessor]? Check the corresponding BeanPostProcessor declaration and its dependencies.
2024-03-19 14:34:42 [main] WARN  o.s.b.a.o.j.JpaBaseConfiguration$JpaWebConfiguration - spring.jpa.open-in-view is enabled by default. Therefore, database queries may be performed during view rendering. Explicitly configure spring.jpa.open-in-view to disable this warning
2024-03-19 14:34:42 [main] INFO  c.f.t.f.FoodDeliveryApplication - Started FoodDeliveryApplication in 5.523 seconds (process running for 6.264)
2024-03-19 14:34:42 [main] ERROR c.f.t.f.FoodDeliveryApplication - BBBBBBBBBBBB at FoodDeliveryApplication
2024-03-19 14:34:42 [main] INFO  c.f.t.f.FoodDeliveryApplication - Starting app...
2024-03-19 14:34:45 [DefaultQuartzScheduler_QuartzSchedulerThread] ERROR org.quartz.core.ErrorLogger - An error occured instantiating job to be executed. job= 'DEFAULT.6da64b5bd2ee-1f879699-0a9f-4b9e-8b96-65085b27adff'
org.quartz.SchedulerException: Problem instantiating class 'com.fujitsu.trialtask.fooddelivery.weather.CollectWeatherReport'
	at org.quartz.simpl.SimpleJobFactory.newJob(SimpleJobFactory.java:58)
	at org.quartz.simpl.PropertySettingJobFactory.newJob(PropertySettingJobFactory.java:69)
	at org.quartz.core.JobRunShell.initialize(JobRunShell.java:127)
	at org.quartz.core.QuartzSchedulerThread.run(QuartzSchedulerThread.java:392)
Caused by: java.lang.InstantiationException: com.fujitsu.trialtask.fooddelivery.weather.CollectWeatherReport
	at java.base/java.lang.Class.newInstance(Class.java:639)
	at org.quartz.simpl.SimpleJobFactory.newJob(SimpleJobFactory.java:56)
	... 3 common frames omitted
Caused by: java.lang.NoSuchMethodException: com.fujitsu.trialtask.fooddelivery.weather.CollectWeatherReport.<init>()
	at java.base/java.lang.Class.getConstructor0(Class.java:3585)
	at java.base/java.lang.Class.newInstance(Class.java:626)
	... 4 common frames omitted
2024-03-19 14:35:49 [main] INFO  c.f.t.f.FoodDeliveryApplication - Starting FoodDeliveryApplication using Java 17.0.6 with PID 114556 (C:\Users\Andreas Viks\Projects\IdeaProjects\JavaProjects\FoodDeliveryApp\target\classes started by Andreas Viks in C:\Users\Andreas Viks\Projects\IdeaProjects\JavaProjects\FoodDeliveryApp)
2024-03-19 14:35:49 [main] DEBUG c.f.t.f.FoodDeliveryApplication - Running with Spring Boot v3.2.3, Spring v6.1.3
2024-03-19 14:35:49 [main] INFO  c.f.t.f.FoodDeliveryApplication - No active profile set, falling back to 1 default profile: "default"
2024-03-19 14:35:50 [main] WARN  o.s.c.s.PostProcessorRegistrationDelegate$BeanPostProcessorChecker - Bean 'org.springframework.integration.config.IntegrationManagementConfiguration' of type [org.springframework.integration.config.IntegrationManagementConfiguration] is not eligible for getting processed by all BeanPostProcessors (for example: not eligible for auto-proxying). The currently created BeanPostProcessor [integrationManagementConfigurer] is declared through a non-static factory method on that class; consider declaring it as static instead.
2024-03-19 14:35:50 [main] WARN  o.s.c.s.PostProcessorRegistrationDelegate$BeanPostProcessorChecker - Bean 'integrationChannelResolver' of type [org.springframework.integration.support.channel.BeanFactoryChannelResolver] is not eligible for getting processed by all BeanPostProcessors (for example: not eligible for auto-proxying). Is this bean getting eagerly injected into a currently created BeanPostProcessor [org.springframework.integration.internalMessagingAnnotationPostProcessor]? Check the corresponding BeanPostProcessor declaration and its dependencies.
2024-03-19 14:35:53 [main] WARN  o.s.b.a.o.j.JpaBaseConfiguration$JpaWebConfiguration - spring.jpa.open-in-view is enabled by default. Therefore, database queries may be performed during view rendering. Explicitly configure spring.jpa.open-in-view to disable this warning
2024-03-19 14:35:54 [main] INFO  c.f.t.f.FoodDeliveryApplication - Started FoodDeliveryApplication in 5.315 seconds (process running for 5.99)
2024-03-19 14:35:54 [main] ERROR c.f.t.f.FoodDeliveryApplication - BBBBBBBBBBBB at FoodDeliveryApplication
2024-03-19 14:35:54 [main] INFO  c.f.t.f.FoodDeliveryApplication - Starting app...
2024-03-19 14:36:00 [DefaultQuartzScheduler_Worker-1] ERROR c.f.t.f.weather.CollectWeatherReport - AAAAAAAAAAAAA at CollectWeatherReport
2024-03-19 14:36:00 [DefaultQuartzScheduler_Worker-1] ERROR org.quartz.core.JobRunShell - Job DEFAULT.6da64b5bd2ee-0297ab9e-bd34-4dff-a614-cbc4e1259965 threw an unhandled Exception: 
java.lang.NullPointerException: Cannot invoke "com.fujitsu.trialtask.fooddelivery.repositories.WeatherDataRepository.save(Object)" because "this.weatherDataRepository" is null
	at com.fujitsu.trialtask.fooddelivery.xml_reading.WeatherXMLHandler.endElement(WeatherXMLHandler.java:109)
	at java.xml/com.sun.org.apache.xerces.internal.parsers.AbstractSAXParser.endElement(AbstractSAXParser.java:618)
	at java.xml/com.sun.org.apache.xerces.internal.impl.XMLDocumentFragmentScannerImpl.scanEndElement(XMLDocumentFragmentScannerImpl.java:1728)
	at java.xml/com.sun.org.apache.xerces.internal.impl.XMLDocumentFragmentScannerImpl$FragmentContentDriver.next(XMLDocumentFragmentScannerImpl.java:2899)
	at java.xml/com.sun.org.apache.xerces.internal.impl.XMLDocumentScannerImpl.next(XMLDocumentScannerImpl.java:605)
	at java.xml/com.sun.org.apache.xerces.internal.impl.XMLDocumentFragmentScannerImpl.scanDocument(XMLDocumentFragmentScannerImpl.java:542)
	at java.xml/com.sun.org.apache.xerces.internal.parsers.XML11Configuration.parse(XML11Configuration.java:889)
	at java.xml/com.sun.org.apache.xerces.internal.parsers.XML11Configuration.parse(XML11Configuration.java:825)
	at java.xml/com.sun.org.apache.xerces.internal.parsers.XMLParser.parse(XMLParser.java:141)
	at java.xml/com.sun.org.apache.xerces.internal.parsers.AbstractSAXParser.parse(AbstractSAXParser.java:1224)
	at java.xml/com.sun.org.apache.xerces.internal.jaxp.SAXParserImpl$JAXPSAXParser.parse(SAXParserImpl.java:637)
	at java.xml/com.sun.org.apache.xerces.internal.jaxp.SAXParserImpl.parse(SAXParserImpl.java:326)
	at java.xml/javax.xml.parsers.SAXParser.parse(SAXParser.java:330)
	at com.fujitsu.trialtask.fooddelivery.xml_reading.XMLParser.parseXML(XMLParser.java:30)
	at com.fujitsu.trialtask.fooddelivery.weather.CollectWeatherReport.execute(CollectWeatherReport.java:57)
	at org.quartz.core.JobRunShell.run(JobRunShell.java:202)
	at org.quartz.simpl.SimpleThreadPool$WorkerThread.run(SimpleThreadPool.java:573)
2024-03-19 14:36:00 [DefaultQuartzScheduler_Worker-1] ERROR org.quartz.core.ErrorLogger - Job (DEFAULT.6da64b5bd2ee-0297ab9e-bd34-4dff-a614-cbc4e1259965 threw an exception.
org.quartz.SchedulerException: Job threw an unhandled exception.
	at org.quartz.core.JobRunShell.run(JobRunShell.java:213)
	at org.quartz.simpl.SimpleThreadPool$WorkerThread.run(SimpleThreadPool.java:573)
Caused by: java.lang.NullPointerException: Cannot invoke "com.fujitsu.trialtask.fooddelivery.repositories.WeatherDataRepository.save(Object)" because "this.weatherDataRepository" is null
	at com.fujitsu.trialtask.fooddelivery.xml_reading.WeatherXMLHandler.endElement(WeatherXMLHandler.java:109)
	at java.xml/com.sun.org.apache.xerces.internal.parsers.AbstractSAXParser.endElement(AbstractSAXParser.java:618)
	at java.xml/com.sun.org.apache.xerces.internal.impl.XMLDocumentFragmentScannerImpl.scanEndElement(XMLDocumentFragmentScannerImpl.java:1728)
	at java.xml/com.sun.org.apache.xerces.internal.impl.XMLDocumentFragmentScannerImpl$FragmentContentDriver.next(XMLDocumentFragmentScannerImpl.java:2899)
	at java.xml/com.sun.org.apache.xerces.internal.impl.XMLDocumentScannerImpl.next(XMLDocumentScannerImpl.java:605)
	at java.xml/com.sun.org.apache.xerces.internal.impl.XMLDocumentFragmentScannerImpl.scanDocument(XMLDocumentFragmentScannerImpl.java:542)
	at java.xml/com.sun.org.apache.xerces.internal.parsers.XML11Configuration.parse(XML11Configuration.java:889)
	at java.xml/com.sun.org.apache.xerces.internal.parsers.XML11Configuration.parse(XML11Configuration.java:825)
	at java.xml/com.sun.org.apache.xerces.internal.parsers.XMLParser.parse(XMLParser.java:141)
	at java.xml/com.sun.org.apache.xerces.internal.parsers.AbstractSAXParser.parse(AbstractSAXParser.java:1224)
	at java.xml/com.sun.org.apache.xerces.internal.jaxp.SAXParserImpl$JAXPSAXParser.parse(SAXParserImpl.java:637)
	at java.xml/com.sun.org.apache.xerces.internal.jaxp.SAXParserImpl.parse(SAXParserImpl.java:326)
	at java.xml/javax.xml.parsers.SAXParser.parse(SAXParser.java:330)
	at com.fujitsu.trialtask.fooddelivery.xml_reading.XMLParser.parseXML(XMLParser.java:30)
	at com.fujitsu.trialtask.fooddelivery.weather.CollectWeatherReport.execute(CollectWeatherReport.java:57)
	at org.quartz.core.JobRunShell.run(JobRunShell.java:202)
	... 1 common frames omitted
2024-03-19 14:59:43 [main] INFO  c.f.t.f.FoodDeliveryApplication - Starting FoodDeliveryApplication using Java 17.0.6 with PID 159060 (C:\Users\Andreas Viks\Projects\IdeaProjects\JavaProjects\FoodDeliveryApp\target\classes started by Andreas Viks in C:\Users\Andreas Viks\Projects\IdeaProjects\JavaProjects\FoodDeliveryApp)
2024-03-19 14:59:43 [main] DEBUG c.f.t.f.FoodDeliveryApplication - Running with Spring Boot v3.2.3, Spring v6.1.3
2024-03-19 14:59:43 [main] INFO  c.f.t.f.FoodDeliveryApplication - No active profile set, falling back to 1 default profile: "default"
2024-03-19 14:59:44 [main] WARN  o.s.c.s.PostProcessorRegistrationDelegate$BeanPostProcessorChecker - Bean 'org.springframework.integration.config.IntegrationManagementConfiguration' of type [org.springframework.integration.config.IntegrationManagementConfiguration] is not eligible for getting processed by all BeanPostProcessors (for example: not eligible for auto-proxying). The currently created BeanPostProcessor [integrationManagementConfigurer] is declared through a non-static factory method on that class; consider declaring it as static instead.
2024-03-19 14:59:44 [main] WARN  o.s.c.s.PostProcessorRegistrationDelegate$BeanPostProcessorChecker - Bean 'integrationChannelResolver' of type [org.springframework.integration.support.channel.BeanFactoryChannelResolver] is not eligible for getting processed by all BeanPostProcessors (for example: not eligible for auto-proxying). Is this bean getting eagerly injected into a currently created BeanPostProcessor [org.springframework.integration.internalMessagingAnnotationPostProcessor]? Check the corresponding BeanPostProcessor declaration and its dependencies.
2024-03-19 14:59:47 [main] WARN  o.s.b.a.o.j.JpaBaseConfiguration$JpaWebConfiguration - spring.jpa.open-in-view is enabled by default. Therefore, database queries may be performed during view rendering. Explicitly configure spring.jpa.open-in-view to disable this warning
2024-03-19 14:59:48 [main] INFO  c.f.t.f.FoodDeliveryApplication - Started FoodDeliveryApplication in 5.377 seconds (process running for 6.06)
2024-03-19 14:59:48 [main] ERROR c.f.t.f.FoodDeliveryApplication - BBBBBBBBBBBB at FoodDeliveryApplication
2024-03-19 14:59:48 [main] INFO  c.f.t.f.FoodDeliveryApplication - Starting app...
2024-03-19 15:00:00 [DefaultQuartzScheduler_QuartzSchedulerThread] ERROR org.quartz.core.ErrorLogger - An error occured instantiating job to be executed. job= 'DEFAULT.6da64b5bd2ee-4171e1f0-ed2e-43e1-8273-b44d788968c8'
org.quartz.SchedulerException: Job instantiation failed
	at org.springframework.scheduling.quartz.AdaptableJobFactory.newJob(AdaptableJobFactory.java:47)
	at org.quartz.core.JobRunShell.initialize(JobRunShell.java:127)
	at org.quartz.core.QuartzSchedulerThread.run(QuartzSchedulerThread.java:392)
Caused by: java.lang.NullPointerException: Cannot invoke "org.springframework.beans.factory.config.AutowireCapableBeanFactory.autowireBean(Object)" because "this.beanFactory" is null
	at com.fujitsu.trialtask.fooddelivery.weather.AutowiringSpringBeanJobFactory.createJobInstance(AutowiringSpringBeanJobFactory.java:21)
	at org.springframework.scheduling.quartz.AdaptableJobFactory.newJob(AdaptableJobFactory.java:43)
	... 2 common frames omitted
2024-03-19 15:02:25 [main] INFO  c.f.t.f.FoodDeliveryApplication - Starting FoodDeliveryApplication using Java 17.0.6 with PID 177448 (C:\Users\Andreas Viks\Projects\IdeaProjects\JavaProjects\FoodDeliveryApp\target\classes started by Andreas Viks in C:\Users\Andreas Viks\Projects\IdeaProjects\JavaProjects\FoodDeliveryApp)
2024-03-19 15:02:25 [main] DEBUG c.f.t.f.FoodDeliveryApplication - Running with Spring Boot v3.2.3, Spring v6.1.3
2024-03-19 15:02:25 [main] INFO  c.f.t.f.FoodDeliveryApplication - No active profile set, falling back to 1 default profile: "default"
2024-03-19 15:02:26 [main] WARN  o.s.c.s.PostProcessorRegistrationDelegate$BeanPostProcessorChecker - Bean 'org.springframework.integration.config.IntegrationManagementConfiguration' of type [org.springframework.integration.config.IntegrationManagementConfiguration] is not eligible for getting processed by all BeanPostProcessors (for example: not eligible for auto-proxying). The currently created BeanPostProcessor [integrationManagementConfigurer] is declared through a non-static factory method on that class; consider declaring it as static instead.
2024-03-19 15:02:26 [main] WARN  o.s.c.s.PostProcessorRegistrationDelegate$BeanPostProcessorChecker - Bean 'integrationChannelResolver' of type [org.springframework.integration.support.channel.BeanFactoryChannelResolver] is not eligible for getting processed by all BeanPostProcessors (for example: not eligible for auto-proxying). Is this bean getting eagerly injected into a currently created BeanPostProcessor [org.springframework.integration.internalMessagingAnnotationPostProcessor]? Check the corresponding BeanPostProcessor declaration and its dependencies.
2024-03-19 15:02:29 [main] ERROR c.f.t.f.w.AutowiringSpringBeanJobFactory - AutowireCapableBeanFactory is not null
2024-03-19 15:02:29 [main] ERROR c.f.t.f.w.AutowiringSpringBeanJobFactory - AutowireCapableBeanFactory is not null
2024-03-19 15:02:29 [main] WARN  o.s.b.a.o.j.JpaBaseConfiguration$JpaWebConfiguration - spring.jpa.open-in-view is enabled by default. Therefore, database queries may be performed during view rendering. Explicitly configure spring.jpa.open-in-view to disable this warning
2024-03-19 15:02:30 [main] INFO  c.f.t.f.FoodDeliveryApplication - Started FoodDeliveryApplication in 5.236 seconds (process running for 5.919)
2024-03-19 15:02:30 [main] ERROR c.f.t.f.FoodDeliveryApplication - BBBBBBBBBBBB at FoodDeliveryApplication
2024-03-19 15:02:30 [main] INFO  c.f.t.f.FoodDeliveryApplication - Starting app...
2024-03-19 15:02:30 [DefaultQuartzScheduler_QuartzSchedulerThread] ERROR org.quartz.core.ErrorLogger - An error occured instantiating job to be executed. job= 'DEFAULT.6da64b5bd2ee-a3b81e35-6c92-4b7b-bcf0-88745cd34c29'
org.quartz.SchedulerException: Job instantiation failed
	at org.springframework.scheduling.quartz.AdaptableJobFactory.newJob(AdaptableJobFactory.java:47)
	at org.quartz.core.JobRunShell.initialize(JobRunShell.java:127)
	at org.quartz.core.QuartzSchedulerThread.run(QuartzSchedulerThread.java:392)
Caused by: java.lang.NullPointerException: Cannot invoke "org.springframework.beans.factory.config.AutowireCapableBeanFactory.autowireBean(Object)" because "this.beanFactory" is null
	at com.fujitsu.trialtask.fooddelivery.weather.AutowiringSpringBeanJobFactory.createJobInstance(AutowiringSpringBeanJobFactory.java:29)
	at org.springframework.scheduling.quartz.AdaptableJobFactory.newJob(AdaptableJobFactory.java:43)
	... 2 common frames omitted
2024-03-19 15:04:03 [main] INFO  c.f.t.f.FoodDeliveryApplication - Starting FoodDeliveryApplication using Java 17.0.6 with PID 167564 (C:\Users\Andreas Viks\Projects\IdeaProjects\JavaProjects\FoodDeliveryApp\target\classes started by Andreas Viks in C:\Users\Andreas Viks\Projects\IdeaProjects\JavaProjects\FoodDeliveryApp)
2024-03-19 15:04:03 [main] DEBUG c.f.t.f.FoodDeliveryApplication - Running with Spring Boot v3.2.3, Spring v6.1.3
2024-03-19 15:04:03 [main] INFO  c.f.t.f.FoodDeliveryApplication - No active profile set, falling back to 1 default profile: "default"
2024-03-19 15:04:05 [main] WARN  o.s.c.s.PostProcessorRegistrationDelegate$BeanPostProcessorChecker - Bean 'org.springframework.integration.config.IntegrationManagementConfiguration' of type [org.springframework.integration.config.IntegrationManagementConfiguration] is not eligible for getting processed by all BeanPostProcessors (for example: not eligible for auto-proxying). The currently created BeanPostProcessor [integrationManagementConfigurer] is declared through a non-static factory method on that class; consider declaring it as static instead.
2024-03-19 15:04:05 [main] WARN  o.s.c.s.PostProcessorRegistrationDelegate$BeanPostProcessorChecker - Bean 'integrationChannelResolver' of type [org.springframework.integration.support.channel.BeanFactoryChannelResolver] is not eligible for getting processed by all BeanPostProcessors (for example: not eligible for auto-proxying). Is this bean getting eagerly injected into a currently created BeanPostProcessor [org.springframework.integration.internalMessagingAnnotationPostProcessor]? Check the corresponding BeanPostProcessor declaration and its dependencies.
2024-03-19 15:04:07 [main] ERROR c.f.t.f.w.AutowiringSpringBeanJobFactory - AutowireCapableBeanFactory is not null
2024-03-19 15:04:07 [main] ERROR c.f.t.f.w.AutowiringSpringBeanJobFactory - AutowireCapableBeanFactory is not null
2024-03-19 15:04:08 [main] WARN  o.s.b.a.o.j.JpaBaseConfiguration$JpaWebConfiguration - spring.jpa.open-in-view is enabled by default. Therefore, database queries may be performed during view rendering. Explicitly configure spring.jpa.open-in-view to disable this warning
2024-03-19 15:04:08 [main] INFO  c.f.t.f.FoodDeliveryApplication - Started FoodDeliveryApplication in 5.007 seconds (process running for 5.686)
2024-03-19 15:04:08 [main] ERROR c.f.t.f.FoodDeliveryApplication - BBBBBBBBBBBB at FoodDeliveryApplication
2024-03-19 15:04:08 [main] INFO  c.f.t.f.FoodDeliveryApplication - Starting app...
2024-03-19 15:04:15 [DefaultQuartzScheduler_QuartzSchedulerThread] ERROR c.f.t.f.w.AutowiringSpringBeanJobFactory - beanFactory is null
2024-03-19 15:04:15 [DefaultQuartzScheduler_QuartzSchedulerThread] ERROR org.quartz.core.ErrorLogger - An error occured instantiating job to be executed. job= 'DEFAULT.6da64b5bd2ee-0f89afd4-199f-4214-8c9d-2e5d28aa83a1'
org.quartz.SchedulerException: Job instantiation failed
	at org.springframework.scheduling.quartz.AdaptableJobFactory.newJob(AdaptableJobFactory.java:47)
	at org.quartz.core.JobRunShell.initialize(JobRunShell.java:127)
	at org.quartz.core.QuartzSchedulerThread.run(QuartzSchedulerThread.java:392)
Caused by: java.lang.NullPointerException: Cannot invoke "org.springframework.beans.factory.config.AutowireCapableBeanFactory.autowireBean(Object)" because "this.beanFactory" is null
	at com.fujitsu.trialtask.fooddelivery.weather.AutowiringSpringBeanJobFactory.createJobInstance(AutowiringSpringBeanJobFactory.java:34)
	at org.springframework.scheduling.quartz.AdaptableJobFactory.newJob(AdaptableJobFactory.java:43)
	... 2 common frames omitted
2024-03-19 15:06:19 [main] INFO  c.f.t.f.FoodDeliveryApplication - Starting FoodDeliveryApplication using Java 17.0.6 with PID 178924 (C:\Users\Andreas Viks\Projects\IdeaProjects\JavaProjects\FoodDeliveryApp\target\classes started by Andreas Viks in C:\Users\Andreas Viks\Projects\IdeaProjects\JavaProjects\FoodDeliveryApp)
2024-03-19 15:06:19 [main] DEBUG c.f.t.f.FoodDeliveryApplication - Running with Spring Boot v3.2.3, Spring v6.1.3
2024-03-19 15:06:19 [main] INFO  c.f.t.f.FoodDeliveryApplication - No active profile set, falling back to 1 default profile: "default"
2024-03-19 15:06:20 [main] WARN  o.s.c.s.PostProcessorRegistrationDelegate$BeanPostProcessorChecker - Bean 'org.springframework.integration.config.IntegrationManagementConfiguration' of type [org.springframework.integration.config.IntegrationManagementConfiguration] is not eligible for getting processed by all BeanPostProcessors (for example: not eligible for auto-proxying). The currently created BeanPostProcessor [integrationManagementConfigurer] is declared through a non-static factory method on that class; consider declaring it as static instead.
2024-03-19 15:06:20 [main] WARN  o.s.c.s.PostProcessorRegistrationDelegate$BeanPostProcessorChecker - Bean 'integrationChannelResolver' of type [org.springframework.integration.support.channel.BeanFactoryChannelResolver] is not eligible for getting processed by all BeanPostProcessors (for example: not eligible for auto-proxying). Is this bean getting eagerly injected into a currently created BeanPostProcessor [org.springframework.integration.internalMessagingAnnotationPostProcessor]? Check the corresponding BeanPostProcessor declaration and its dependencies.
2024-03-19 15:06:23 [main] ERROR c.f.t.f.w.AutowiringSpringBeanJobFactory - AutowireCapableBeanFactory is not null
2024-03-19 15:06:23 [main] ERROR c.f.t.f.w.AutowiringSpringBeanJobFactory - AutowireCapableBeanFactory is not null
2024-03-19 15:06:23 [main] WARN  o.s.b.a.o.j.JpaBaseConfiguration$JpaWebConfiguration - spring.jpa.open-in-view is enabled by default. Therefore, database queries may be performed during view rendering. Explicitly configure spring.jpa.open-in-view to disable this warning
2024-03-19 15:06:23 [main] INFO  c.f.t.f.FoodDeliveryApplication - Started FoodDeliveryApplication in 4.817 seconds (process running for 5.548)
2024-03-19 15:06:23 [main] ERROR c.f.t.f.FoodDeliveryApplication - BBBBBBBBBBBB at FoodDeliveryApplication
2024-03-19 15:06:23 [main] INFO  c.f.t.f.FoodDeliveryApplication - Starting app...
2024-03-19 15:06:30 [DefaultQuartzScheduler_QuartzSchedulerThread] ERROR c.f.t.f.w.AutowiringSpringBeanJobFactory - beanFactory is null
2024-03-19 15:06:30 [DefaultQuartzScheduler_QuartzSchedulerThread] ERROR org.quartz.core.ErrorLogger - An error occured instantiating job to be executed. job= 'DEFAULT.6da64b5bd2ee-43ac2c07-d5cc-4232-afa2-a4a6781e89ed'
org.quartz.SchedulerException: Job instantiation failed
	at org.springframework.scheduling.quartz.AdaptableJobFactory.newJob(AdaptableJobFactory.java:47)
	at org.quartz.core.JobRunShell.initialize(JobRunShell.java:127)
	at org.quartz.core.QuartzSchedulerThread.run(QuartzSchedulerThread.java:392)
Caused by: java.lang.NullPointerException: Cannot invoke "org.springframework.beans.factory.config.AutowireCapableBeanFactory.autowireBean(Object)" because "this.beanFactory" is null
	at com.fujitsu.trialtask.fooddelivery.weather.AutowiringSpringBeanJobFactory.createJobInstance(AutowiringSpringBeanJobFactory.java:34)
	at org.springframework.scheduling.quartz.AdaptableJobFactory.newJob(AdaptableJobFactory.java:43)
	... 2 common frames omitted
2024-03-19 15:17:13 [main] INFO  c.f.t.f.FoodDeliveryApplication - Starting FoodDeliveryApplication using Java 17.0.6 with PID 2888 (C:\Users\Andreas Viks\Projects\IdeaProjects\JavaProjects\FoodDeliveryApp\target\classes started by Andreas Viks in C:\Users\Andreas Viks\Projects\IdeaProjects\JavaProjects\FoodDeliveryApp)
2024-03-19 15:17:13 [main] DEBUG c.f.t.f.FoodDeliveryApplication - Running with Spring Boot v3.2.3, Spring v6.1.3
2024-03-19 15:17:13 [main] INFO  c.f.t.f.FoodDeliveryApplication - No active profile set, falling back to 1 default profile: "default"
2024-03-19 15:17:15 [main] WARN  o.s.c.s.PostProcessorRegistrationDelegate$BeanPostProcessorChecker - Bean 'org.springframework.integration.config.IntegrationManagementConfiguration' of type [org.springframework.integration.config.IntegrationManagementConfiguration] is not eligible for getting processed by all BeanPostProcessors (for example: not eligible for auto-proxying). The currently created BeanPostProcessor [integrationManagementConfigurer] is declared through a non-static factory method on that class; consider declaring it as static instead.
2024-03-19 15:17:15 [main] WARN  o.s.c.s.PostProcessorRegistrationDelegate$BeanPostProcessorChecker - Bean 'integrationChannelResolver' of type [org.springframework.integration.support.channel.BeanFactoryChannelResolver] is not eligible for getting processed by all BeanPostProcessors (for example: not eligible for auto-proxying). Is this bean getting eagerly injected into a currently created BeanPostProcessor [org.springframework.integration.internalMessagingAnnotationPostProcessor]? Check the corresponding BeanPostProcessor declaration and its dependencies.
2024-03-19 15:17:18 [main] WARN  o.s.b.a.o.j.JpaBaseConfiguration$JpaWebConfiguration - spring.jpa.open-in-view is enabled by default. Therefore, database queries may be performed during view rendering. Explicitly configure spring.jpa.open-in-view to disable this warning
2024-03-19 15:17:19 [main] INFO  c.f.t.f.FoodDeliveryApplication - Started FoodDeliveryApplication in 5.799 seconds (process running for 6.575)
2024-03-19 15:17:19 [main] ERROR c.f.t.f.FoodDeliveryApplication - BBBBBBBBBBBB at FoodDeliveryApplication
2024-03-19 15:17:19 [main] INFO  c.f.t.f.FoodDeliveryApplication - Starting app...
2024-03-19 15:17:19 [main] ERROR c.f.t.f.weather.CollectWeatherReport - BBBBBBBBBBBB at CollectWeatherReport
2024-03-19 15:17:30 [scheduling-1] ERROR c.f.t.f.weather.CollectWeatherReport - BBBBBBBBBBBB at CollectWeatherReport
2024-03-19 15:17:45 [scheduling-1] ERROR c.f.t.f.weather.CollectWeatherReport - BBBBBBBBBBBB at CollectWeatherReport
2024-03-19 15:18:00 [scheduling-1] ERROR c.f.t.f.weather.CollectWeatherReport - BBBBBBBBBBBB at CollectWeatherReport
2024-03-19 15:18:15 [scheduling-1] ERROR c.f.t.f.weather.CollectWeatherReport - BBBBBBBBBBBB at CollectWeatherReport
2024-03-19 15:18:30 [scheduling-1] ERROR c.f.t.f.weather.CollectWeatherReport - BBBBBBBBBBBB at CollectWeatherReport
2024-03-19 16:02:52 [main] INFO  c.f.t.f.FoodDeliveryApplication - Starting FoodDeliveryApplication using Java 17.0.6 with PID 41320 (C:\Users\Andreas Viks\Projects\IdeaProjects\JavaProjects\FoodDeliveryApp\target\classes started by Andreas Viks in C:\Users\Andreas Viks\Projects\IdeaProjects\JavaProjects\FoodDeliveryApp)
2024-03-19 16:02:52 [main] DEBUG c.f.t.f.FoodDeliveryApplication - Running with Spring Boot v3.2.3, Spring v6.1.3
2024-03-19 16:02:52 [main] INFO  c.f.t.f.FoodDeliveryApplication - No active profile set, falling back to 1 default profile: "default"
2024-03-19 16:02:54 [main] WARN  o.s.c.s.PostProcessorRegistrationDelegate$BeanPostProcessorChecker - Bean 'org.springframework.integration.config.IntegrationManagementConfiguration' of type [org.springframework.integration.config.IntegrationManagementConfiguration] is not eligible for getting processed by all BeanPostProcessors (for example: not eligible for auto-proxying). The currently created BeanPostProcessor [integrationManagementConfigurer] is declared through a non-static factory method on that class; consider declaring it as static instead.
2024-03-19 16:02:54 [main] WARN  o.s.c.s.PostProcessorRegistrationDelegate$BeanPostProcessorChecker - Bean 'integrationChannelResolver' of type [org.springframework.integration.support.channel.BeanFactoryChannelResolver] is not eligible for getting processed by all BeanPostProcessors (for example: not eligible for auto-proxying). Is this bean getting eagerly injected into a currently created BeanPostProcessor [org.springframework.integration.internalMessagingAnnotationPostProcessor]? Check the corresponding BeanPostProcessor declaration and its dependencies.
2024-03-19 16:02:57 [main] WARN  o.s.b.a.o.j.JpaBaseConfiguration$JpaWebConfiguration - spring.jpa.open-in-view is enabled by default. Therefore, database queries may be performed during view rendering. Explicitly configure spring.jpa.open-in-view to disable this warning
2024-03-19 16:02:57 [main] INFO  c.f.t.f.FoodDeliveryApplication - Started FoodDeliveryApplication in 5.253 seconds (process running for 6.081)
2024-03-19 16:11:07 [main] INFO  c.f.t.f.FoodDeliveryApplication - Starting FoodDeliveryApplication using Java 17.0.6 with PID 2560 (C:\Users\Andreas Viks\Projects\IdeaProjects\JavaProjects\FoodDeliveryApp\target\classes started by Andreas Viks in C:\Users\Andreas Viks\Projects\IdeaProjects\JavaProjects\FoodDeliveryApp)
2024-03-19 16:11:07 [main] DEBUG c.f.t.f.FoodDeliveryApplication - Running with Spring Boot v3.2.3, Spring v6.1.3
2024-03-19 16:11:07 [main] INFO  c.f.t.f.FoodDeliveryApplication - No active profile set, falling back to 1 default profile: "default"
2024-03-19 16:11:08 [main] WARN  o.s.c.s.PostProcessorRegistrationDelegate$BeanPostProcessorChecker - Bean 'org.springframework.integration.config.IntegrationManagementConfiguration' of type [org.springframework.integration.config.IntegrationManagementConfiguration] is not eligible for getting processed by all BeanPostProcessors (for example: not eligible for auto-proxying). The currently created BeanPostProcessor [integrationManagementConfigurer] is declared through a non-static factory method on that class; consider declaring it as static instead.
2024-03-19 16:11:08 [main] WARN  o.s.c.s.PostProcessorRegistrationDelegate$BeanPostProcessorChecker - Bean 'integrationChannelResolver' of type [org.springframework.integration.support.channel.BeanFactoryChannelResolver] is not eligible for getting processed by all BeanPostProcessors (for example: not eligible for auto-proxying). Is this bean getting eagerly injected into a currently created BeanPostProcessor [org.springframework.integration.internalMessagingAnnotationPostProcessor]? Check the corresponding BeanPostProcessor declaration and its dependencies.
2024-03-19 16:11:11 [main] WARN  o.s.b.a.o.j.JpaBaseConfiguration$JpaWebConfiguration - spring.jpa.open-in-view is enabled by default. Therefore, database queries may be performed during view rendering. Explicitly configure spring.jpa.open-in-view to disable this warning
2024-03-19 16:11:12 [main] INFO  c.f.t.f.FoodDeliveryApplication - Started FoodDeliveryApplication in 5.761 seconds (process running for 6.674)
2024-03-19 16:14:10 [main] INFO  c.f.t.f.FoodDeliveryApplication - Starting FoodDeliveryApplication using Java 17.0.6 with PID 164560 (C:\Users\Andreas Viks\Projects\IdeaProjects\JavaProjects\FoodDeliveryApp\target\classes started by Andreas Viks in C:\Users\Andreas Viks\Projects\IdeaProjects\JavaProjects\FoodDeliveryApp)
2024-03-19 16:14:10 [main] DEBUG c.f.t.f.FoodDeliveryApplication - Running with Spring Boot v3.2.3, Spring v6.1.3
2024-03-19 16:14:10 [main] INFO  c.f.t.f.FoodDeliveryApplication - No active profile set, falling back to 1 default profile: "default"
2024-03-19 16:14:11 [main] WARN  o.s.c.s.PostProcessorRegistrationDelegate$BeanPostProcessorChecker - Bean 'org.springframework.integration.config.IntegrationManagementConfiguration' of type [org.springframework.integration.config.IntegrationManagementConfiguration] is not eligible for getting processed by all BeanPostProcessors (for example: not eligible for auto-proxying). The currently created BeanPostProcessor [integrationManagementConfigurer] is declared through a non-static factory method on that class; consider declaring it as static instead.
2024-03-19 16:14:11 [main] WARN  o.s.c.s.PostProcessorRegistrationDelegate$BeanPostProcessorChecker - Bean 'integrationChannelResolver' of type [org.springframework.integration.support.channel.BeanFactoryChannelResolver] is not eligible for getting processed by all BeanPostProcessors (for example: not eligible for auto-proxying). Is this bean getting eagerly injected into a currently created BeanPostProcessor [org.springframework.integration.internalMessagingAnnotationPostProcessor]? Check the corresponding BeanPostProcessor declaration and its dependencies.
2024-03-19 16:14:14 [main] WARN  o.s.b.a.o.j.JpaBaseConfiguration$JpaWebConfiguration - spring.jpa.open-in-view is enabled by default. Therefore, database queries may be performed during view rendering. Explicitly configure spring.jpa.open-in-view to disable this warning
2024-03-19 16:14:14 [main] INFO  c.f.t.f.FoodDeliveryApplication - Started FoodDeliveryApplication in 4.813 seconds (process running for 5.514)
2024-03-19 16:24:52 [main] INFO  c.f.t.f.FoodDeliveryApplication - Starting FoodDeliveryApplication using Java 17.0.6 with PID 186144 (C:\Users\Andreas Viks\Projects\IdeaProjects\JavaProjects\FoodDeliveryApp\target\classes started by Andreas Viks in C:\Users\Andreas Viks\Projects\IdeaProjects\JavaProjects\FoodDeliveryApp)
2024-03-19 16:24:52 [main] DEBUG c.f.t.f.FoodDeliveryApplication - Running with Spring Boot v3.2.3, Spring v6.1.3
2024-03-19 16:24:52 [main] INFO  c.f.t.f.FoodDeliveryApplication - No active profile set, falling back to 1 default profile: "default"
2024-03-19 16:24:54 [main] WARN  o.s.c.s.PostProcessorRegistrationDelegate$BeanPostProcessorChecker - Bean 'org.springframework.integration.config.IntegrationManagementConfiguration' of type [org.springframework.integration.config.IntegrationManagementConfiguration] is not eligible for getting processed by all BeanPostProcessors (for example: not eligible for auto-proxying). The currently created BeanPostProcessor [integrationManagementConfigurer] is declared through a non-static factory method on that class; consider declaring it as static instead.
2024-03-19 16:24:54 [main] WARN  o.s.c.s.PostProcessorRegistrationDelegate$BeanPostProcessorChecker - Bean 'integrationChannelResolver' of type [org.springframework.integration.support.channel.BeanFactoryChannelResolver] is not eligible for getting processed by all BeanPostProcessors (for example: not eligible for auto-proxying). Is this bean getting eagerly injected into a currently created BeanPostProcessor [org.springframework.integration.internalMessagingAnnotationPostProcessor]? Check the corresponding BeanPostProcessor declaration and its dependencies.
2024-03-19 16:24:57 [main] WARN  o.s.b.a.o.j.JpaBaseConfiguration$JpaWebConfiguration - spring.jpa.open-in-view is enabled by default. Therefore, database queries may be performed during view rendering. Explicitly configure spring.jpa.open-in-view to disable this warning
2024-03-19 16:24:57 [main] INFO  c.f.t.f.FoodDeliveryApplication - Started FoodDeliveryApplication in 5.407 seconds (process running for 6.198)
2024-03-19 16:33:23 [http-nio-8080-exec-9] WARN  o.s.w.s.m.s.DefaultHandlerExceptionResolver - Resolved [org.springframework.web.HttpMediaTypeNotSupportedException: Content-Type 'text/plain;charset=UTF-8' is not supported]
2024-03-19 16:33:36 [http-nio-8080-exec-10] WARN  o.s.w.s.m.s.DefaultHandlerExceptionResolver - Resolved [org.springframework.web.HttpMediaTypeNotSupportedException: Content-Type 'text/plain;charset=UTF-8' is not supported]
2024-03-19 16:40:34 [http-nio-8080-exec-4] WARN  o.s.w.s.m.s.DefaultHandlerExceptionResolver - Resolved [org.springframework.web.HttpRequestMethodNotSupportedException: Request method 'DELETE' is not supported]
2024-03-19 17:30:01 [main] INFO  c.f.t.f.FoodDeliveryApplication - Starting FoodDeliveryApplication using Java 17.0.6 with PID 184000 (C:\Users\Andreas Viks\Projects\IdeaProjects\JavaProjects\FoodDeliveryApp\target\classes started by Andreas Viks in C:\Users\Andreas Viks\Projects\IdeaProjects\JavaProjects\FoodDeliveryApp)
2024-03-19 17:30:01 [main] DEBUG c.f.t.f.FoodDeliveryApplication - Running with Spring Boot v3.2.3, Spring v6.1.3
2024-03-19 17:30:01 [main] INFO  c.f.t.f.FoodDeliveryApplication - No active profile set, falling back to 1 default profile: "default"
2024-03-19 17:30:03 [main] WARN  o.s.c.s.PostProcessorRegistrationDelegate$BeanPostProcessorChecker - Bean 'org.springframework.integration.config.IntegrationManagementConfiguration' of type [org.springframework.integration.config.IntegrationManagementConfiguration] is not eligible for getting processed by all BeanPostProcessors (for example: not eligible for auto-proxying). The currently created BeanPostProcessor [integrationManagementConfigurer] is declared through a non-static factory method on that class; consider declaring it as static instead.
2024-03-19 17:30:03 [main] WARN  o.s.c.s.PostProcessorRegistrationDelegate$BeanPostProcessorChecker - Bean 'integrationChannelResolver' of type [org.springframework.integration.support.channel.BeanFactoryChannelResolver] is not eligible for getting processed by all BeanPostProcessors (for example: not eligible for auto-proxying). Is this bean getting eagerly injected into a currently created BeanPostProcessor [org.springframework.integration.internalMessagingAnnotationPostProcessor]? Check the corresponding BeanPostProcessor declaration and its dependencies.
